OK | 1 | 0.478s | CREATE INDEX IF NOT EXISTS gin_auditoria_evento_dados_antes ON dicionario.auditoria_evento USING gin (dados_antes)
OK | 2 | 0.451s | CREATE INDEX IF NOT EXISTS gin_auditoria_evento_dados_depois ON dicionario.auditoria_evento USING gin (dados_depois)
OK | 3 | 0.445s | CREATE INDEX IF NOT EXISTS gin_auditoria_evento_campos_alterados ON dicionario.auditoria_evento USING gin (campos_alterados)
OK | 4 | 0.431s | CREATE INDEX IF NOT EXISTS gin_auditoria_evento_extras ON dicionario.auditoria_evento USING gin (extras)
OK | 5 | 0.433s | CREATE INDEX IF NOT EXISTS gin_conteudo__database_processos_suportados ON dicionario.conteudo__database USING gin (processos_suportados)
OK | 6 | 0.433s | CREATE INDEX IF NOT EXISTS gin_conteudo__database_regras_negocio_identificadas ON dicionario.conteudo__database USING gin (regras_negocio_identificadas)
OK | 7 | 0.456s | CREATE INDEX IF NOT EXISTS gin_conteudo__database_fluxos_dados_principais ON dicionario.conteudo__database USING gin (fluxos_dados_principais)
OK | 8 | 0.446s | CREATE INDEX IF NOT EXISTS gin_conteudo__database_tabelas_mais_utilizadas ON dicionario.conteudo__database USING gin (tabelas_mais_utilizadas)
OK | 9 | 0.442s | CREATE INDEX IF NOT EXISTS gin_conteudo__database_consultas_tipicas ON dicionario.conteudo__database USING gin (consultas_tipicas)
OK | 10 | 0.446s | CREATE INDEX IF NOT EXISTS gin_conteudo__database_padroes_acesso ON dicionario.conteudo__database USING gin (padroes_acesso)
OK | 11 | 0.434s | CREATE INDEX IF NOT EXISTS gin_conteudo__database_dicionario_dados ON dicionario.conteudo__database USING gin (dicionario_dados)
OK | 12 | 0.446s | CREATE INDEX IF NOT EXISTS gin_conteudo__database_apis_disponiveis ON dicionario.conteudo__database USING gin (apis_disponiveis)
OK | 13 | 0.428s | CREATE INDEX IF NOT EXISTS gin_conteudo__database_formatos_exportacao ON dicionario.conteudo__database USING gin (formatos_exportacao)
OK | 14 | 0.444s | CREATE INDEX IF NOT EXISTS gin_conteudo__database_compatibilidade_sistemas ON dicionario.conteudo__database USING gin (compatibilidade_sistemas)
OK | 15 | 0.428s | CREATE INDEX IF NOT EXISTS gin_conteudo__desenho_2d3d_objetos_principais ON dicionario.conteudo__desenho_2d3d USING gin (objetos_principais)
OK | 16 | 0.426s | CREATE INDEX IF NOT EXISTS gin_conteudo__desenho_2d3d_sistemas_representados ON dicionario.conteudo__desenho_2d3d USING gin (sistemas_representados)
OK | 17 | 0.430s | CREATE INDEX IF NOT EXISTS gin_conteudo__desenho_2d3d_detalhes_tecnicos ON dicionario.conteudo__desenho_2d3d USING gin (detalhes_tecnicos)
OK | 18 | 0.443s | CREATE INDEX IF NOT EXISTS gin_conteudo__desenho_2d3d_especificacoes_materiais ON dicionario.conteudo__desenho_2d3d USING gin (especificacoes_materiais)
OK | 19 | 0.437s | CREATE INDEX IF NOT EXISTS gin_conteudo__desenho_2d3d_normas_aplicadas ON dicionario.conteudo__desenho_2d3d USING gin (normas_aplicadas)
OK | 20 | 0.440s | CREATE INDEX IF NOT EXISTS gin_conteudo__desenho_2d3d_codigos_referencia ON dicionario.conteudo__desenho_2d3d USING gin (codigos_referencia)
OK | 21 | 0.467s | CREATE INDEX IF NOT EXISTS gin_conteudo__desenho_2d3d_restricoes_construtivas ON dicionario.conteudo__desenho_2d3d USING gin (restricoes_construtivas)
OK | 22 | 0.436s | CREATE INDEX IF NOT EXISTS gin_conteudo__desenho_2d3d_aprovacoes_obtidas ON dicionario.conteudo__desenho_2d3d USING gin (aprovacoes_obtidas)
OK | 23 | 0.428s | CREATE INDEX IF NOT EXISTS gin_conteudo__documentos_texto_topicos_principais ON dicionario.conteudo__documentos_texto USING gin (topicos_principais)
OK | 24 | 0.438s | CREATE INDEX IF NOT EXISTS gin_conteudo__documentos_texto_conceitos_chave ON dicionario.conteudo__documentos_texto USING gin (conceitos_chave)
OK | 25 | 0.441s | CREATE INDEX IF NOT EXISTS gin_conteudo__documentos_texto_secoes_principais ON dicionario.conteudo__documentos_texto USING gin (secoes_principais)
OK | 26 | 0.430s | CREATE INDEX IF NOT EXISTS gin_conteudo__geodatabase_feature_classes_principais ON dicionario.conteudo__geodatabase USING gin (feature_classes_principais)
OK | 27 | 0.431s | CREATE INDEX IF NOT EXISTS gin_conteudo__geodatabase_atributos_chave ON dicionario.conteudo__geodatabase USING gin (atributos_chave)
OK | 28 | 0.432s | CREATE INDEX IF NOT EXISTS gin_conteudo__geodatabase_relacionamentos_tematicos ON dicionario.conteudo__geodatabase USING gin (relacionamentos_tematicos)
OK | 29 | 0.432s | CREATE INDEX IF NOT EXISTS gin_conteudo__geodatabase_aplicacoes_sugeridas ON dicionario.conteudo__geodatabase USING gin (aplicacoes_sugeridas)
OK | 30 | 0.430s | CREATE INDEX IF NOT EXISTS gin_conteudo__geodatabase_analises_espaciais_possiveis ON dicionario.conteudo__geodatabase USING gin (analises_espaciais_possiveis)
OK | 31 | 0.444s | CREATE INDEX IF NOT EXISTS gin_conteudo__geodatabase_produtos_cartograficos ON dicionario.conteudo__geodatabase USING gin (produtos_cartograficos)
OK | 32 | 0.428s | CREATE INDEX IF NOT EXISTS gin_conteudo__geodatabase_fontes_dados_originais ON dicionario.conteudo__geodatabase USING gin (fontes_dados_originais)
OK | 33 | 0.437s | CREATE INDEX IF NOT EXISTS gin_conteudo__geodatabase_processamentos_aplicados ON dicionario.conteudo__geodatabase USING gin (processamentos_aplicados)
OK | 34 | 0.531s | CREATE INDEX IF NOT EXISTS gin_conteudo__geodatabase_validacoes_realizadas ON dicionario.conteudo__geodatabase USING gin (validacoes_realizadas)
OK | 35 | 0.437s | CREATE INDEX IF NOT EXISTS gin_conteudo__geodatabase_padroes_seguidos ON dicionario.conteudo__geodatabase USING gin (padroes_seguidos)
OK | 36 | 0.440s | CREATE INDEX IF NOT EXISTS gin_conteudo__geodatabase_servicos_disponiveis ON dicionario.conteudo__geodatabase USING gin (servicos_disponiveis)
OK | 37 | 0.442s | CREATE INDEX IF NOT EXISTS gin_conteudo__geodatabase_compatibilidade_software ON dicionario.conteudo__geodatabase USING gin (compatibilidade_software)
OK | 38 | 0.457s | CREATE INDEX IF NOT EXISTS gin_conteudo__geoespacial_raster_aplicacoes_sugeridas ON dicionario.conteudo__geoespacial_raster USING gin (aplicacoes_sugeridas)
OK | 39 | 0.438s | CREATE INDEX IF NOT EXISTS gin_conteudo__geoespacial_raster_bandas_espectrais ON dicionario.conteudo__geoespacial_raster USING gin (bandas_espectrais)
OK | 40 | 0.497s | CREATE INDEX IF NOT EXISTS gin_conteudo__geoespacial_raster_indices_calculaveis ON dicionario.conteudo__geoespacial_raster USING gin (indices_calculaveis)
OK | 41 | 0.446s | CREATE INDEX IF NOT EXISTS gin_conteudo__geoespacial_raster_algoritmos_aplicados ON dicionario.conteudo__geoespacial_raster USING gin (algoritmos_aplicados)
OK | 42 | 0.461s | CREATE INDEX IF NOT EXISTS gin_conteudo__geoespacial_vetor_palavras_chave_espaciais ON dicionario.conteudo__geoespacial_vetor USING gin (palavras_chave_espaciais)
OK | 43 | 0.552s | CREATE INDEX IF NOT EXISTS gin_conteudo__geoespacial_vetor_toponimos ON dicionario.conteudo__geoespacial_vetor USING gin (toponimos)
OK | 44 | 0.426s | CREATE INDEX IF NOT EXISTS gin_conteudo__geoespacial_vetor_campos_obrigatorios ON dicionario.conteudo__geoespacial_vetor USING gin (campos_obrigatorios)
OK | 45 | 0.437s | CREATE INDEX IF NOT EXISTS gin_conteudo__geoespacial_vetor_campos_opcionais ON dicionario.conteudo__geoespacial_vetor USING gin (campos_opcionais)
OK | 46 | 0.452s | CREATE INDEX IF NOT EXISTS gin_conteudo__geoespacial_vetor_tipos_dados_atributos ON dicionario.conteudo__geoespacial_vetor USING gin (tipos_dados_atributos)
OK | 47 | 0.448s | CREATE INDEX IF NOT EXISTS gin_conteudo__geoespacial_vetor_dominios_atributos ON dicionario.conteudo__geoespacial_vetor USING gin (dominios_atributos)
OK | 48 | 0.452s | CREATE INDEX IF NOT EXISTS gin_conteudo__midia_palavras_chave_visuais ON dicionario.conteudo__midia USING gin (palavras_chave_visuais)
OK | 49 | 0.449s | CREATE INDEX IF NOT EXISTS gin_conteudo__midia_cores_dominantes ON dicionario.conteudo__midia USING gin (cores_dominantes)
OK | 50 | 0.444s | CREATE INDEX IF NOT EXISTS gin_conteudo__midia_instrumentos_identificados ON dicionario.conteudo__midia USING gin (instrumentos_identificados)
OK | 51 | 0.441s | CREATE INDEX IF NOT EXISTS gin_conteudo__nuvem_pontos_aplicacoes_recomendadas ON dicionario.conteudo__nuvem_pontos USING gin (aplicacoes_recomendadas)
OK | 52 | 0.432s | CREATE INDEX IF NOT EXISTS gin_conteudo__nuvem_pontos_classes_pontos ON dicionario.conteudo__nuvem_pontos USING gin (classes_pontos)
OK | 53 | 0.431s | CREATE INDEX IF NOT EXISTS gin_conteudo__nuvem_pontos_distribuicao_classes ON dicionario.conteudo__nuvem_pontos USING gin (distribuicao_classes)
OK | 54 | 0.442s | CREATE INDEX IF NOT EXISTS gin_conteudo__pacote_projetos_relacionados ON dicionario.conteudo__pacote USING gin (projetos_relacionados)
OK | 55 | 0.443s | CREATE INDEX IF NOT EXISTS gin_conteudo__pacote_versoes_software ON dicionario.conteudo__pacote USING gin (versoes_software)
OK | 56 | 0.432s | CREATE INDEX IF NOT EXISTS gin_conteudo__pacote_documentacao_incluida ON dicionario.conteudo__pacote USING gin (documentacao_incluida)
OK | 57 | 0.428s | CREATE INDEX IF NOT EXISTS gin_conteudo__pacote_dependencias_externas ON dicionario.conteudo__pacote USING gin (dependencias_externas)
OK | 58 | 0.427s | CREATE INDEX IF NOT EXISTS gin_conteudo__pacote_sistemas_operacionais ON dicionario.conteudo__pacote USING gin (sistemas_operacionais)
OK | 59 | 0.448s | CREATE INDEX IF NOT EXISTS gin_conteudo__pacote_softwares_necessarios ON dicionario.conteudo__pacote USING gin (softwares_necessarios)
OK | 60 | 0.476s | CREATE INDEX IF NOT EXISTS gin_conteudo__tabular_metricas_disponiveis ON dicionario.conteudo__tabular USING gin (metricas_disponiveis)
OK | 61 | 0.456s | CREATE INDEX IF NOT EXISTS gin_conteudo__tabular_dimensoes_analiticas ON dicionario.conteudo__tabular USING gin (dimensoes_analiticas)
OK | 62 | 0.451s | CREATE INDEX IF NOT EXISTS gin_conteudo__tabular_analises_possiveis ON dicionario.conteudo__tabular USING gin (analises_possiveis)
OK | 63 | 0.449s | CREATE INDEX IF NOT EXISTS gin_conteudo__tabular_visualizacoes_sugeridas ON dicionario.conteudo__tabular USING gin (visualizacoes_sugeridas)
OK | 64 | 0.469s | CREATE INDEX IF NOT EXISTS gin_conteudo__tabular_cruzamentos_recomendados ON dicionario.conteudo__tabular USING gin (cruzamentos_recomendados)
OK | 65 | 0.430s | CREATE INDEX IF NOT EXISTS gin_conteudo__tabular_limitacoes_conhecidas ON dicionario.conteudo__tabular USING gin (limitacoes_conhecidas)
OK | 66 | 0.451s | CREATE INDEX IF NOT EXISTS gin_estrutura__database_tabelas_principais ON dicionario.estrutura__database USING gin (tabelas_principais)
OK | 67 | 0.453s | CREATE INDEX IF NOT EXISTS gin_estrutura__database_relacionamentos_mapeados ON dicionario.estrutura__database USING gin (relacionamentos_mapeados)
OK | 68 | 0.456s | CREATE INDEX IF NOT EXISTS gin_estrutura__database_esquemas_identificados ON dicionario.estrutura__database USING gin (esquemas_identificados)
OK | 69 | 0.437s | CREATE INDEX IF NOT EXISTS gin_estrutura__database_extras ON dicionario.estrutura__database USING gin (extras)
OK | 70 | 0.437s | CREATE INDEX IF NOT EXISTS gin_estrutura__desenho_2d3d_dimensoes_modelo ON dicionario.estrutura__desenho_2d3d USING gin (dimensoes_modelo)
OK | 71 | 0.457s | CREATE INDEX IF NOT EXISTS gin_estrutura__desenho_2d3d_extras ON dicionario.estrutura__desenho_2d3d USING gin (extras)
OK | 72 | 0.426s | CREATE INDEX IF NOT EXISTS gin_estrutura__documentos_texto_extras ON dicionario.estrutura__documentos_texto USING gin (extras)
OK | 73 | 0.432s | CREATE INDEX IF NOT EXISTS gin_estrutura__geodatabase_sistemas_coordenadas ON dicionario.estrutura__geodatabase USING gin (sistemas_coordenadas)
OK | 74 | 0.447s | CREATE INDEX IF NOT EXISTS gin_estrutura__geodatabase_tipos_geometria ON dicionario.estrutura__geodatabase USING gin (tipos_geometria)
OK | 75 | 0.435s | CREATE INDEX IF NOT EXISTS gin_estrutura__geodatabase_extensoes_espaciais ON dicionario.estrutura__geodatabase USING gin (extensoes_espaciais)
OK | 76 | 0.442s | CREATE INDEX IF NOT EXISTS gin_estrutura__geodatabase_domains_atributos ON dicionario.estrutura__geodatabase USING gin (domains_atributos)
OK | 77 | 0.436s | CREATE INDEX IF NOT EXISTS gin_estrutura__geodatabase_subtypes_definidos ON dicionario.estrutura__geodatabase USING gin (subtypes_definidos)
OK | 78 | 0.429s | CREATE INDEX IF NOT EXISTS gin_estrutura__geodatabase_extras ON dicionario.estrutura__geodatabase USING gin (extras)
OK | 79 | 0.463s | CREATE INDEX IF NOT EXISTS gin_estrutura__geoespacial_raster_estatisticas ON dicionario.estrutura__geoespacial_raster USING gin (estatisticas)
OK | 80 | 0.450s | CREATE INDEX IF NOT EXISTS gin_estrutura__geoespacial_raster_histogramas ON dicionario.estrutura__geoespacial_raster USING gin (histogramas)
OK | 81 | 0.433s | CREATE INDEX IF NOT EXISTS gin_estrutura__geoespacial_raster_extras ON dicionario.estrutura__geoespacial_raster USING gin (extras)
OK | 82 | 0.434s | CREATE INDEX IF NOT EXISTS gin_estrutura__geoespacial_vetor_extras ON dicionario.estrutura__geoespacial_vetor USING gin (extras)
OK | 83 | 0.431s | CREATE INDEX IF NOT EXISTS gin_estrutura__midia_extras ON dicionario.estrutura__midia USING gin (extras)
OK | 84 | 0.429s | CREATE INDEX IF NOT EXISTS gin_estrutura__nuvem_pontos_configuracao_voo ON dicionario.estrutura__nuvem_pontos USING gin (configuracao_voo)
OK | 85 | 0.433s | CREATE INDEX IF NOT EXISTS gin_estrutura__nuvem_pontos_filtros_aplicados ON dicionario.estrutura__nuvem_pontos USING gin (filtros_aplicados)
OK | 86 | 0.442s | CREATE INDEX IF NOT EXISTS gin_estrutura__nuvem_pontos_classificacoes_disponiveis ON dicionario.estrutura__nuvem_pontos USING gin (classificacoes_disponiveis)
OK | 87 | 0.429s | CREATE INDEX IF NOT EXISTS gin_estrutura__nuvem_pontos_extras ON dicionario.estrutura__nuvem_pontos USING gin (extras)
OK | 88 | 0.423s | CREATE INDEX IF NOT EXISTS gin_estrutura__pacote_tipos_arquivo_contidos ON dicionario.estrutura__pacote USING gin (tipos_arquivo_contidos)
OK | 89 | 0.444s | CREATE INDEX IF NOT EXISTS gin_estrutura__pacote_estrutura_diretorios ON dicionario.estrutura__pacote USING gin (estrutura_diretorios)
OK | 90 | 0.430s | CREATE INDEX IF NOT EXISTS gin_estrutura__pacote_perfis_identificados ON dicionario.estrutura__pacote USING gin (perfis_identificados)
OK | 91 | 0.436s | CREATE INDEX IF NOT EXISTS gin_estrutura__pacote_extras ON dicionario.estrutura__pacote USING gin (extras)
OK | 92 | 0.450s | CREATE INDEX IF NOT EXISTS gin_estrutura__tabular_tipos_colunas ON dicionario.estrutura__tabular USING gin (tipos_colunas)
OK | 93 | 0.451s | CREATE INDEX IF NOT EXISTS gin_estrutura__tabular_colunas_nomes ON dicionario.estrutura__tabular USING gin (colunas_nomes)
OK | 94 | 0.451s | CREATE INDEX IF NOT EXISTS gin_estrutura__tabular_colunas_obrigatorias ON dicionario.estrutura__tabular USING gin (colunas_obrigatorias)
OK | 95 | 0.444s | CREATE INDEX IF NOT EXISTS gin_estrutura__tabular_colunas_chave ON dicionario.estrutura__tabular USING gin (colunas_chave)
OK | 96 | 0.435s | CREATE INDEX IF NOT EXISTS gin_estrutura__tabular_possivel_chave_estrangeira ON dicionario.estrutura__tabular USING gin (possivel_chave_estrangeira)
OK | 97 | 0.432s | CREATE INDEX IF NOT EXISTS gin_estrutura__tabular_relacionamentos_detectados ON dicionario.estrutura__tabular USING gin (relacionamentos_detectados)
OK | 98 | 0.439s | CREATE INDEX IF NOT EXISTS gin_estrutura__tabular_extras ON dicionario.estrutura__tabular USING gin (extras)
OK | 99 | 0.449s | CREATE INDEX IF NOT EXISTS gin_extensao_mime_types ON dicionario.extensao USING gin (mime_types)
OK | 100 | 0.438s | CREATE INDEX IF NOT EXISTS gin_status_publicacao_geoserver_servicos_habilitados ON dicionario.status_publicacao_geoserver USING gin (servicos_habilitados)
OK | 101 | 0.431s | CREATE INDEX IF NOT EXISTS gin_status_publicacao_geoserver_grupos_acesso ON dicionario.status_publicacao_geoserver USING gin (grupos_acesso)
OK | 102 | 0.436s | CREATE INDEX IF NOT EXISTS gin_status_publicacao_geoserver_palavras_chave_servico ON dicionario.status_publicacao_geoserver USING gin (palavras_chave_servico)
OK | 103 | 0.428s | CREATE INDEX IF NOT EXISTS gin_status_publicacao_geoserver_erros_validacao ON dicionario.status_publicacao_geoserver USING gin (erros_validacao)
OK | 104 | 0.437s | CREATE INDEX IF NOT EXISTS gin_status_publicacao_geoserver_configuracao_avancada ON dicionario.status_publicacao_geoserver USING gin (configuracao_avancada)
OK | 105 | 0.434s | CREATE INDEX IF NOT EXISTS gin_status_publicacao_geoserver_extras ON dicionario.status_publicacao_geoserver USING gin (extras)
OK | 106 | 0.449s | CREATE INDEX IF NOT EXISTS gin_versao_arquivo_tags_versao ON dicionario.versao_arquivo USING gin (tags_versao)
OK | 107 | 0.434s | CREATE INDEX IF NOT EXISTS gin_versao_arquivo_dados_estrutura ON dicionario.versao_arquivo USING gin (dados_estrutura)
OK | 108 | 0.441s | CREATE INDEX IF NOT EXISTS gin_versao_arquivo_dados_conteudo ON dicionario.versao_arquivo USING gin (dados_conteudo)
OK | 109 | 0.440s | CREATE INDEX IF NOT EXISTS gin_versao_arquivo_produtor_snapshot ON dicionario.versao_arquivo USING gin (produtor_snapshot)
OK | 110 | 0.435s | CREATE INDEX IF NOT EXISTS gin_versao_arquivo_extensoes_snapshot ON dicionario.versao_arquivo USING gin (extensoes_snapshot)
OK | 111 | 0.455s | CREATE INDEX IF NOT EXISTS gin_versao_arquivo_diferenca_versao_anterior ON dicionario.versao_arquivo USING gin (diferenca_versao_anterior)
OK | 112 | 0.432s | CREATE INDEX IF NOT EXISTS gin_versao_arquivo_campos_adicionados ON dicionario.versao_arquivo USING gin (campos_adicionados)
OK | 113 | 0.448s | CREATE INDEX IF NOT EXISTS gin_versao_arquivo_campos_removidos ON dicionario.versao_arquivo USING gin (campos_removidos)
OK | 114 | 0.457s | CREATE INDEX IF NOT EXISTS gin_versao_arquivo_campos_modificados ON dicionario.versao_arquivo USING gin (campos_modificados)
OK | 115 | 0.449s | CREATE INDEX IF NOT EXISTS gin_versao_arquivo_extras ON dicionario.versao_arquivo USING gin (extras)
OK | 116 | 0.492s | CREATE INDEX IF NOT EXISTS gin_workflow_aprovacao_etapas_concluidas ON dicionario.workflow_aprovacao USING gin (etapas_concluidas)
OK | 117 | 0.444s | CREATE INDEX IF NOT EXISTS gin_workflow_aprovacao_proximas_etapas ON dicionario.workflow_aprovacao USING gin (proximas_etapas)
OK | 118 | 0.430s | CREATE INDEX IF NOT EXISTS gin_workflow_aprovacao_aprovadores_necessarios ON dicionario.workflow_aprovacao USING gin (aprovadores_necessarios)
OK | 119 | 0.428s | CREATE INDEX IF NOT EXISTS gin_workflow_aprovacao_aprovadores_atuais ON dicionario.workflow_aprovacao USING gin (aprovadores_atuais)
OK | 120 | 0.434s | CREATE INDEX IF NOT EXISTS gin_workflow_aprovacao_revisores_atribuidos ON dicionario.workflow_aprovacao USING gin (revisores_atribuidos)
OK | 121 | 0.427s | CREATE INDEX IF NOT EXISTS gin_workflow_aprovacao_rejeitado_por ON dicionario.workflow_aprovacao USING gin (rejeitado_por)
OK | 122 | 0.431s | CREATE INDEX IF NOT EXISTS gin_workflow_aprovacao_historico_acoes ON dicionario.workflow_aprovacao USING gin (historico_acoes)
OK | 123 | 0.432s | CREATE INDEX IF NOT EXISTS gin_workflow_aprovacao_comentarios_aprovadores ON dicionario.workflow_aprovacao USING gin (comentarios_aprovadores)
OK | 124 | 0.452s | CREATE INDEX IF NOT EXISTS gin_workflow_aprovacao_notificacoes_enviadas ON dicionario.workflow_aprovacao USING gin (notificacoes_enviadas)
OK | 125 | 0.457s | CREATE INDEX IF NOT EXISTS gin_workflow_aprovacao_configuracao_workflow ON dicionario.workflow_aprovacao USING gin (configuracao_workflow)
OK | 126 | 0.433s | CREATE INDEX IF NOT EXISTS gin_workflow_aprovacao_extras ON dicionario.workflow_aprovacao USING gin (extras)
